# JRE version: OpenJDK Runtime Environment JBR-11.0.15.10-2043.56-jcef (11.0.15+10) (build 11.0.15+10-b2043.56)
# Java VM: OpenJDK 64-Bit Server VM JBR-11.0.15.10-2043.56-jcef (11.0.15+10-b2043.56, mixed mode, tiered, compressed oops, g1 gc, windows-amd64)
Heap:
 garbage-first heap   total 131072K, used 9281K [0x00000000d1200000, 0x0000000100000000)
  region size 1024K, 4 young (4096K), 0 survivors (0K)
 Metaspace       used 22460K, capacity 22929K, committed 23932K, reserved 1071104K
  class space    used 2218K, capacity 2387K, committed 2764K, reserved 1048576K
GC Heap History (10 events):
Event: 2.215 GC heap before
{Heap before GC invocations=0 (full 0):
 garbage-first heap   total 131072K, used 23552K [0x00000000d1200000, 0x0000000100000000)
  region size 1024K, 24 young (24576K), 0 survivors (0K)
 Metaspace       used 15476K, capacity 16018K, committed 16256K, reserved 1062912K
  class space    used 1596K, capacity 1839K, committed 1920K, reserved 1048576K
}
Event: 2.227 GC heap after
{Heap after GC invocations=1 (full 0):
 garbage-first heap   total 131072K, used 5384K [0x00000000d1200000, 0x0000000100000000)
  region size 1024K, 3 young (3072K), 3 survivors (3072K)
 Metaspace       used 15476K, capacity 16018K, committed 16256K, reserved 1062912K
  class space    used 1596K, capacity 1839K, committed 1920K, reserved 1048576K
}
Event: 3.012 GC heap before
{Heap before GC invocations=1 (full 0):
 garbage-first heap   total 131072K, used 12552K [0x00000000d1200000, 0x0000000100000000)
  region size 1024K, 11 young (11264K), 3 survivors (3072K)
 Metaspace       used 20635K, capacity 21222K, committed 21296K, reserved 1069056K
  class space    used 2196K, capacity 2421K, committed 2432K, reserved 1048576K
}
Event: 3.047 GC heap after
{Heap after GC invocations=2 (full 0):
 garbage-first heap   total 131072K, used 6558K [0x00000000d1200000, 0x0000000100000000)
  region size 1024K, 5 young (5120K), 5 survivors (5120K)
 Metaspace       used 20635K, capacity 21222K, committed 21296K, reserved 1069056K
  class space    used 2196K, capacity 2421K, committed 2432K, reserved 1048576K
}
Event: 909.180 GC heap before
{Heap before GC invocations=3 (full 0):
 garbage-first heap   total 131072K, used 20894K [0x00000000d1200000, 0x0000000100000000)
  region size 1024K, 19 young (19456K), 5 survivors (5120K)
 Metaspace       used 21775K, capacity 22431K, committed 22652K, reserved 1069056K
  class space    used 2241K, capacity 2506K, committed 2508K, reserved 1048576K
}
Event: 909.253 GC heap after
{Heap after GC invocations=4 (full 0):
 garbage-first heap   total 131072K, used 7867K [0x00000000d1200000, 0x0000000100000000)
  region size 1024K, 2 young (2048K), 2 survivors (2048K)
 Metaspace       used 21775K, capacity 22431K, committed 22652K, reserved 1069056K
  class space    used 2241K, capacity 2506K, committed 2508K, reserved 1048576K
}
Event: 4509.292 GC heap before
{Heap before GC invocations=4 (full 0):
 garbage-first heap   total 131072K, used 47803K [0x00000000d1200000, 0x0000000100000000)
  region size 1024K, 42 young (43008K), 2 survivors (2048K)
 Metaspace       used 22995K, capacity 23764K, committed 23932K, reserved 1071104K
  class space    used 2348K, capacity 2638K, committed 2764K, reserved 1048576K
}
Event: 4510.148 GC heap after
{Heap after GC invocations=5 (full 1):
 garbage-first heap   total 131072K, used 6718K [0x00000000d1200000, 0x0000000100000000)
  region size 1024K, 0 young (0K), 0 survivors (0K)
 Metaspace       used 22617K, capacity 23181K, committed 23932K, reserved 1071104K
  class space    used 2244K, capacity 2436K, committed 2764K, reserved 1048576K
}
Event: 8110.163 GC heap before
{Heap before GC invocations=5 (full 1):
 garbage-first heap   total 131072K, used 14910K [0x00000000d1200000, 0x0000000100000000)
  region size 1024K, 9 young (9216K), 0 survivors (0K)
 Metaspace       used 22617K, capacity 23181K, committed 23932K, reserved 1071104K
  class space    used 2244K, capacity 2436K, committed 2764K, reserved 1048576K
}
Event: 8110.501 GC heap after
{Heap after GC invocations=6 (full 2):
 garbage-first heap   total 131072K, used 6209K [0x00000000d1200000, 0x0000000100000000)
  region size 1024K, 0 young (0K), 0 survivors (0K)
 Metaspace       used 22454K, capacity 22924K, committed 23932K, reserved 1071104K
  class space    used 2218K, capacity 2387K, committed 2764K, reserved 1048576K
}

